Beginning to track file b'workertemp-node-129/logs/log_monitor.1.out'
Beginning to track file b'workertemp-node-129/logs/log_monitor.1.err'
Beginning to track file b'workertemp-node-129/logs/plasma_store_0.1.out'
Beginning to track file b'workertemp-node-129/logs/plasma_store_0.1.err'
Beginning to track file b'workertemp-node-129/logs/raylet_0.1.out'
Beginning to track file b'workertemp-node-129/logs/raylet_0.1.err'
Beginning to track file b'workertemp-node-129/logs/worker-d670af9f0c21d1c26088be263517f677b026d773.out'
Beginning to track file b'workertemp-node-129/logs/worker-86c8d54576244d80f8c8ab5a8a84a682e3f45401.out'
Beginning to track file b'workertemp-node-129/logs/worker-d670af9f0c21d1c26088be263517f677b026d773.err'
Beginning to track file b'workertemp-node-129/logs/worker-0a101cb4521cfd5fc2ce5304c098f5b1e9b699d5.out'
Beginning to track file b'workertemp-node-129/logs/worker-65818fa9565269774ee7a172598e23f26481803f.out'
Beginning to track file b'workertemp-node-129/logs/worker-86c8d54576244d80f8c8ab5a8a84a682e3f45401.err'
Beginning to track file b'workertemp-node-129/logs/worker-7bdbc5874b3efabdd393289181c62023d58f6228.out'
Beginning to track file b'workertemp-node-129/logs/worker-0a101cb4521cfd5fc2ce5304c098f5b1e9b699d5.err'
Beginning to track file b'workertemp-node-129/logs/worker-65818fa9565269774ee7a172598e23f26481803f.err'
Beginning to track file b'workertemp-node-129/logs/worker-693c1174742ae5c29b46c5316b5bedf44e43488a.out'
Beginning to track file b'workertemp-node-129/logs/worker-7bdbc5874b3efabdd393289181c62023d58f6228.err'
Beginning to track file b'workertemp-node-129/logs/worker-79bd8f21a831b476aa9bec0a3e36af484f8f1cec.out'
Beginning to track file b'workertemp-node-129/logs/worker-9259f78c9085248d1d97950015584b9578250a94.out'
Beginning to track file b'workertemp-node-129/logs/worker-693c1174742ae5c29b46c5316b5bedf44e43488a.err'
Beginning to track file b'workertemp-node-129/logs/worker-c0f5c0009ef5b1fbc7ea82d5748046f3d79e7078.out'
Beginning to track file b'workertemp-node-129/logs/worker-7d35cb35bb4918f198f58f7b89db41b6beba2a3e.out'
Beginning to track file b'workertemp-node-129/logs/worker-5f315db433f3f9744e25abc91cd1d1303c2266fe.out'
Beginning to track file b'workertemp-node-129/logs/worker-c98b07b99ed26bb5ebf56ac1018f651e75fddd47.out'
Beginning to track file b'workertemp-node-129/logs/worker-749e5ee017d63efed25dade7eb4dc1945aa576b5.out'
Beginning to track file b'workertemp-node-129/logs/worker-79bd8f21a831b476aa9bec0a3e36af484f8f1cec.err'
Beginning to track file b'workertemp-node-129/logs/worker-35caa6e618ad0f3014cd0805a6192cef219f2918.out'
Beginning to track file b'workertemp-node-129/logs/worker-9259f78c9085248d1d97950015584b9578250a94.err'
Beginning to track file b'workertemp-node-129/logs/worker-2a02356f8244cea167f381d0a01cabddbb15667f.out'
Beginning to track file b'workertemp-node-129/logs/worker-8be811ff978d62606132f08786f8d8bc41f92236.out'
Beginning to track file b'workertemp-node-129/logs/worker-c0f5c0009ef5b1fbc7ea82d5748046f3d79e7078.err'
Beginning to track file b'workertemp-node-129/logs/worker-7d35cb35bb4918f198f58f7b89db41b6beba2a3e.err'
Beginning to track file b'workertemp-node-129/logs/worker-5f315db433f3f9744e25abc91cd1d1303c2266fe.err'
Beginning to track file b'workertemp-node-129/logs/worker-c98b07b99ed26bb5ebf56ac1018f651e75fddd47.err'
Beginning to track file b'workertemp-node-129/logs/worker-749e5ee017d63efed25dade7eb4dc1945aa576b5.err'
Beginning to track file b'workertemp-node-129/logs/worker-2a02356f8244cea167f381d0a01cabddbb15667f.err'
Beginning to track file b'workertemp-node-129/logs/worker-35caa6e618ad0f3014cd0805a6192cef219f2918.err'
Beginning to track file b'workertemp-node-129/logs/worker-8be811ff978d62606132f08786f8d8bc41f92236.err'
