Beginning to track file b'workertemp-node-129/logs/log_monitor.out'
Beginning to track file b'workertemp-node-129/logs/log_monitor.err'
Beginning to track file b'workertemp-node-129/logs/plasma_store_0.out'
Beginning to track file b'workertemp-node-129/logs/plasma_store_0.err'
Beginning to track file b'workertemp-node-129/logs/raylet_0.out'
Beginning to track file b'workertemp-node-129/logs/raylet_0.err'
Beginning to track file b'workertemp-node-129/logs/worker-561734a5deef4e6bc37122d98dd95fd036b332c7.out'
Beginning to track file b'workertemp-node-129/logs/worker-1ae771de8352dbb376df2e6189f0159ec6295b7e.out'
Beginning to track file b'workertemp-node-129/logs/worker-c160434d853b97eb0f57dcea2b7916f4193f9c96.out'
Beginning to track file b'workertemp-node-129/logs/worker-c831d45cba1e66e1e3f72fd6be3888c6fe4f918b.out'
Beginning to track file b'workertemp-node-129/logs/worker-70684053515707ac1447a15239a61ae358fa2627.out'
Beginning to track file b'workertemp-node-129/logs/worker-e3183097715c696c6811bf7a31798f4297937194.out'
Beginning to track file b'workertemp-node-129/logs/worker-a4414d93a50a0ba093a79cb8dfd5be77fefc1f81.out'
Beginning to track file b'workertemp-node-129/logs/worker-7e0d94a6a56cf758da323ef29d091e89faaa4d5d.out'
Beginning to track file b'workertemp-node-129/logs/worker-b8b3317b61ccbf4dace64b1de29fa48e6c05e71c.out'
Beginning to track file b'workertemp-node-129/logs/worker-845f0b60dba84be82c4be88204f804ac3d8a2dad.out'
Beginning to track file b'workertemp-node-129/logs/worker-5b952ad38c68b273d8c98e0f05fc7e3d2733827a.out'
Beginning to track file b'workertemp-node-129/logs/worker-dbc6386d96246351d4f444554df6cdb4ab65dea9.out'
Beginning to track file b'workertemp-node-129/logs/worker-a2f55edf29c44f8ff33d69fecbf4743757c60bc3.out'
Beginning to track file b'workertemp-node-129/logs/worker-62969e3719fd60ef5f740a5791f055f1dbf7ec81.out'
Beginning to track file b'workertemp-node-129/logs/worker-2a60b51d6e8be723ae9a9e75ab99a5527500eaf8.out'
Beginning to track file b'workertemp-node-129/logs/worker-82498f66d594299aeb2f8ee2583dcdd50d244b45.out'
Beginning to track file b'workertemp-node-129/logs/worker-561734a5deef4e6bc37122d98dd95fd036b332c7.err'
Beginning to track file b'workertemp-node-129/logs/worker-1ae771de8352dbb376df2e6189f0159ec6295b7e.err'
Beginning to track file b'workertemp-node-129/logs/worker-c160434d853b97eb0f57dcea2b7916f4193f9c96.err'
Beginning to track file b'workertemp-node-129/logs/worker-c831d45cba1e66e1e3f72fd6be3888c6fe4f918b.err'
Beginning to track file b'workertemp-node-129/logs/worker-70684053515707ac1447a15239a61ae358fa2627.err'
Beginning to track file b'workertemp-node-129/logs/worker-e3183097715c696c6811bf7a31798f4297937194.err'
Beginning to track file b'workertemp-node-129/logs/worker-a4414d93a50a0ba093a79cb8dfd5be77fefc1f81.err'
Beginning to track file b'workertemp-node-129/logs/worker-7e0d94a6a56cf758da323ef29d091e89faaa4d5d.err'
Beginning to track file b'workertemp-node-129/logs/worker-b8b3317b61ccbf4dace64b1de29fa48e6c05e71c.err'
Beginning to track file b'workertemp-node-129/logs/worker-845f0b60dba84be82c4be88204f804ac3d8a2dad.err'
Beginning to track file b'workertemp-node-129/logs/worker-5b952ad38c68b273d8c98e0f05fc7e3d2733827a.err'
Beginning to track file b'workertemp-node-129/logs/worker-dbc6386d96246351d4f444554df6cdb4ab65dea9.err'
Beginning to track file b'workertemp-node-129/logs/worker-2a60b51d6e8be723ae9a9e75ab99a5527500eaf8.err'
Beginning to track file b'workertemp-node-129/logs/worker-a2f55edf29c44f8ff33d69fecbf4743757c60bc3.err'
Beginning to track file b'workertemp-node-129/logs/worker-62969e3719fd60ef5f740a5791f055f1dbf7ec81.err'
Beginning to track file b'workertemp-node-129/logs/worker-82498f66d594299aeb2f8ee2583dcdd50d244b45.err'
