Beginning to track file b'workertemp-node-111/logs/log_monitor.out'
Beginning to track file b'workertemp-node-111/logs/log_monitor.err'
Beginning to track file b'workertemp-node-111/logs/plasma_store_0.out'
Beginning to track file b'workertemp-node-111/logs/plasma_store_0.err'
Beginning to track file b'workertemp-node-111/logs/raylet_0.out'
Beginning to track file b'workertemp-node-111/logs/raylet_0.err'
Beginning to track file b'workertemp-node-111/logs/worker-9026a2a60ac6619d6afdab7f2248c6bc838ccdb1.out'
Beginning to track file b'workertemp-node-111/logs/worker-96d1524ec9a7775f11d0a04a7da8c0b099cc8339.out'
Beginning to track file b'workertemp-node-111/logs/worker-9026a2a60ac6619d6afdab7f2248c6bc838ccdb1.err'
Beginning to track file b'workertemp-node-111/logs/worker-52d25c24958d125f53b6b3216b7863d205a7ba96.out'
Beginning to track file b'workertemp-node-111/logs/worker-96d1524ec9a7775f11d0a04a7da8c0b099cc8339.err'
Beginning to track file b'workertemp-node-111/logs/worker-5900a7738ba7c3d4a3055ad2ee90f2c4ad8f958a.out'
Beginning to track file b'workertemp-node-111/logs/worker-742a5d709e4904795796bd43ad003fd1920a7f14.out'
Beginning to track file b'workertemp-node-111/logs/worker-857e404627c210a1b2007e88ed33e31f01570eeb.out'
Beginning to track file b'workertemp-node-111/logs/worker-52d25c24958d125f53b6b3216b7863d205a7ba96.err'
Beginning to track file b'workertemp-node-111/logs/worker-08aacf3ef3d29b6f8e340021d012c86a245a504d.out'
Beginning to track file b'workertemp-node-111/logs/worker-bffba5ce13da4c2db313b2edbd00ed6f929d71b3.out'
Beginning to track file b'workertemp-node-111/logs/worker-d18c7d7d9870cd8e993fd1a86755d48016819668.out'
Beginning to track file b'workertemp-node-111/logs/worker-1bf9c6e936ad7575a17ae4f13be05e3b993414c2.out'
Beginning to track file b'workertemp-node-111/logs/worker-33b816e78c58be88e66f24b6e94cbfcb0b66377c.out'
Beginning to track file b'workertemp-node-111/logs/worker-08aacf3ef3d29b6f8e340021d012c86a245a504d.err'
Beginning to track file b'workertemp-node-111/logs/worker-d18c7d7d9870cd8e993fd1a86755d48016819668.err'
Beginning to track file b'workertemp-node-111/logs/worker-bffba5ce13da4c2db313b2edbd00ed6f929d71b3.err'
Beginning to track file b'workertemp-node-111/logs/worker-857e404627c210a1b2007e88ed33e31f01570eeb.err'
Beginning to track file b'workertemp-node-111/logs/worker-742a5d709e4904795796bd43ad003fd1920a7f14.err'
Beginning to track file b'workertemp-node-111/logs/worker-5900a7738ba7c3d4a3055ad2ee90f2c4ad8f958a.err'
Beginning to track file b'workertemp-node-111/logs/worker-7b8856e76bb8b4b0ce6b1064199271d71801fd18.out'
Beginning to track file b'workertemp-node-111/logs/worker-7800de9b5ab79d37574f693684f3f1efb4769bb7.out'
Beginning to track file b'workertemp-node-111/logs/worker-679ad5afafda98405fef2f9fe0c7861b6d3964bd.out'
Beginning to track file b'workertemp-node-111/logs/worker-65b365afbde740738c113b12ae8055a20f7daabd.out'
Beginning to track file b'workertemp-node-111/logs/worker-1ee537e6d7bf278a7e71c8e0c01c40ac6b4f310e.out'
Beginning to track file b'workertemp-node-111/logs/worker-1bf9c6e936ad7575a17ae4f13be05e3b993414c2.err'
Beginning to track file b'workertemp-node-111/logs/worker-33b816e78c58be88e66f24b6e94cbfcb0b66377c.err'
Beginning to track file b'workertemp-node-111/logs/worker-7b8856e76bb8b4b0ce6b1064199271d71801fd18.err'
Beginning to track file b'workertemp-node-111/logs/worker-7800de9b5ab79d37574f693684f3f1efb4769bb7.err'
Beginning to track file b'workertemp-node-111/logs/worker-65b365afbde740738c113b12ae8055a20f7daabd.err'
Beginning to track file b'workertemp-node-111/logs/worker-1ee537e6d7bf278a7e71c8e0c01c40ac6b4f310e.err'
Beginning to track file b'workertemp-node-111/logs/worker-679ad5afafda98405fef2f9fe0c7861b6d3964bd.err'
