Beginning to track file b'workertemp-node-111/logs/log_monitor.1.out'
Beginning to track file b'workertemp-node-111/logs/log_monitor.1.err'
Beginning to track file b'workertemp-node-111/logs/plasma_store_0.1.out'
Beginning to track file b'workertemp-node-111/logs/plasma_store_0.1.err'
Beginning to track file b'workertemp-node-111/logs/raylet_0.1.out'
Beginning to track file b'workertemp-node-111/logs/raylet_0.1.err'
Beginning to track file b'workertemp-node-111/logs/worker-de3e5ce41cd2fb4d6f3b4f2890429b6b958c663e.out'
Beginning to track file b'workertemp-node-111/logs/worker-3f2c134b3f58a0de6fef706993e6fadc7ef989a3.out'
Beginning to track file b'workertemp-node-111/logs/worker-a98ce8f53428c03951ae64f05eed4f2c65999b14.out'
Beginning to track file b'workertemp-node-111/logs/worker-de3e5ce41cd2fb4d6f3b4f2890429b6b958c663e.err'
Beginning to track file b'workertemp-node-111/logs/worker-2e91bac031eebc6dacd9822077ba4d10f6d36f83.out'
Beginning to track file b'workertemp-node-111/logs/worker-3f2c134b3f58a0de6fef706993e6fadc7ef989a3.err'
Beginning to track file b'workertemp-node-111/logs/worker-01ae016caf449031db9cfa88127b1e605e6f08d5.out'
Beginning to track file b'workertemp-node-111/logs/worker-a98ce8f53428c03951ae64f05eed4f2c65999b14.err'
Beginning to track file b'workertemp-node-111/logs/worker-65a1cb623b7adc8f30aef40b7923e250a3c6cc1c.out'
Beginning to track file b'workertemp-node-111/logs/worker-0ec36730274ef79f4689066ff44fc49674211a50.out'
Beginning to track file b'workertemp-node-111/logs/worker-8a128a64df4328b27dadf0bc9c02547ec1059562.out'
Beginning to track file b'workertemp-node-111/logs/worker-e201c7f1564ebd62afb95c73cd0ab81043a82aa6.out'
Beginning to track file b'workertemp-node-111/logs/worker-2e91bac031eebc6dacd9822077ba4d10f6d36f83.err'
Beginning to track file b'workertemp-node-111/logs/worker-bc3877dfe537b8a33f905a7e8abb51528c01f28f.out'
Beginning to track file b'workertemp-node-111/logs/worker-f34018f21e06210ee512c845f79223475915abdf.out'
Beginning to track file b'workertemp-node-111/logs/worker-05c1655d0f9482ae1fa0b548d3157f8600f584ef.out'
Beginning to track file b'workertemp-node-111/logs/worker-1025986d8442b5d560a9da979379497352e16294.out'
Beginning to track file b'workertemp-node-111/logs/worker-01ae016caf449031db9cfa88127b1e605e6f08d5.err'
Beginning to track file b'workertemp-node-111/logs/worker-312cfe2577b0c6ae2b762743c5c24a1d20e0ee8a.out'
Beginning to track file b'workertemp-node-111/logs/worker-65480f8e45b62d1a9fb04900f7772afc256303b3.out'
Beginning to track file b'workertemp-node-111/logs/worker-65a1cb623b7adc8f30aef40b7923e250a3c6cc1c.err'
Beginning to track file b'workertemp-node-111/logs/worker-14e6a1ba1f7b0d2d97306ffb5d985ab458adc7b3.out'
Beginning to track file b'workertemp-node-111/logs/worker-0ec36730274ef79f4689066ff44fc49674211a50.err'
Beginning to track file b'workertemp-node-111/logs/worker-8a128a64df4328b27dadf0bc9c02547ec1059562.err'
Beginning to track file b'workertemp-node-111/logs/worker-e201c7f1564ebd62afb95c73cd0ab81043a82aa6.err'
Beginning to track file b'workertemp-node-111/logs/worker-bc3877dfe537b8a33f905a7e8abb51528c01f28f.err'
Beginning to track file b'workertemp-node-111/logs/worker-f34018f21e06210ee512c845f79223475915abdf.err'
Beginning to track file b'workertemp-node-111/logs/worker-312cfe2577b0c6ae2b762743c5c24a1d20e0ee8a.err'
Beginning to track file b'workertemp-node-111/logs/worker-14e6a1ba1f7b0d2d97306ffb5d985ab458adc7b3.err'
Beginning to track file b'workertemp-node-111/logs/worker-05c1655d0f9482ae1fa0b548d3157f8600f584ef.err'
Beginning to track file b'workertemp-node-111/logs/worker-65480f8e45b62d1a9fb04900f7772afc256303b3.err'
Beginning to track file b'workertemp-node-111/logs/worker-1025986d8442b5d560a9da979379497352e16294.err'
