Beginning to track file b'workertemp-node-130/logs/log_monitor.out'
Beginning to track file b'workertemp-node-130/logs/log_monitor.err'
Beginning to track file b'workertemp-node-130/logs/plasma_store_0.out'
Beginning to track file b'workertemp-node-130/logs/plasma_store_0.err'
Beginning to track file b'workertemp-node-130/logs/raylet_0.out'
Beginning to track file b'workertemp-node-130/logs/raylet_0.err'
Beginning to track file b'workertemp-node-130/logs/worker-5c9c5b7d1c90eb3588c4656ed8fc5a8434b51e42.out'
Beginning to track file b'workertemp-node-130/logs/worker-5c9c5b7d1c90eb3588c4656ed8fc5a8434b51e42.err'
Beginning to track file b'workertemp-node-130/logs/worker-83b0da77151803740fadd813847a1e8879aae51d.out'
Beginning to track file b'workertemp-node-130/logs/worker-121ada185fdc95ed262a2ac0baf40b0de60a42ee.out'
Beginning to track file b'workertemp-node-130/logs/worker-93371d27c2d7ad14694478297421d496276ddc09.out'
Beginning to track file b'workertemp-node-130/logs/worker-4dad90d5a346bd7dfaf1a70ad3f060f2e8dbfb3c.out'
Beginning to track file b'workertemp-node-130/logs/worker-bda0be33d59b35afefa01fb0179cb52389416ed0.out'
Beginning to track file b'workertemp-node-130/logs/worker-adf39d10242110cf27d937c66a8aa173d9a319d3.out'
Beginning to track file b'workertemp-node-130/logs/worker-c4403caab16a9cc91e4ca90c78aa5648c359f80f.out'
Beginning to track file b'workertemp-node-130/logs/worker-83b0da77151803740fadd813847a1e8879aae51d.err'
Beginning to track file b'workertemp-node-130/logs/worker-121ada185fdc95ed262a2ac0baf40b0de60a42ee.err'
Beginning to track file b'workertemp-node-130/logs/worker-93371d27c2d7ad14694478297421d496276ddc09.err'
Beginning to track file b'workertemp-node-130/logs/worker-4dad90d5a346bd7dfaf1a70ad3f060f2e8dbfb3c.err'
Beginning to track file b'workertemp-node-130/logs/worker-443546c503d139ac0076cd927355568a8833267b.out'
Beginning to track file b'workertemp-node-130/logs/worker-bda0be33d59b35afefa01fb0179cb52389416ed0.err'
Beginning to track file b'workertemp-node-130/logs/worker-adf39d10242110cf27d937c66a8aa173d9a319d3.err'
Beginning to track file b'workertemp-node-130/logs/worker-c4403caab16a9cc91e4ca90c78aa5648c359f80f.err'
Beginning to track file b'workertemp-node-130/logs/worker-3e07268fc23415962a75f4ff7b71a45188ac485f.out'
Beginning to track file b'workertemp-node-130/logs/worker-abcef2e13b6ddf90b52a84f3e63572456b40b566.out'
Beginning to track file b'workertemp-node-130/logs/worker-b8728bccb2489a5bd0c8e81255bb70f6bee5848b.out'
Beginning to track file b'workertemp-node-130/logs/worker-abcef2e13b6ddf90b52a84f3e63572456b40b566.err'
Beginning to track file b'workertemp-node-130/logs/worker-443546c503d139ac0076cd927355568a8833267b.err'
Beginning to track file b'workertemp-node-130/logs/worker-3e07268fc23415962a75f4ff7b71a45188ac485f.err'
Beginning to track file b'workertemp-node-130/logs/worker-697e19324e7634616c7de052099075b84127f8e2.out'
Beginning to track file b'workertemp-node-130/logs/worker-6d842e540ce2f8112d3a4f9fce963c59e04565cb.out'
Beginning to track file b'workertemp-node-130/logs/worker-51e07c391e1417e0d316ff2d5fd2d48b3109e77c.out'
Beginning to track file b'workertemp-node-130/logs/worker-a7d07b4fbb719220e82dfde8959103abef218dce.out'
Beginning to track file b'workertemp-node-130/logs/worker-b8728bccb2489a5bd0c8e81255bb70f6bee5848b.err'
Beginning to track file b'workertemp-node-130/logs/worker-697e19324e7634616c7de052099075b84127f8e2.err'
Beginning to track file b'workertemp-node-130/logs/worker-6d842e540ce2f8112d3a4f9fce963c59e04565cb.err'
Beginning to track file b'workertemp-node-130/logs/worker-51e07c391e1417e0d316ff2d5fd2d48b3109e77c.err'
Beginning to track file b'workertemp-node-130/logs/worker-a7d07b4fbb719220e82dfde8959103abef218dce.err'
