Beginning to track file b'workertemp-node-130/logs/log_monitor.1.out'
Beginning to track file b'workertemp-node-130/logs/log_monitor.1.err'
Beginning to track file b'workertemp-node-130/logs/plasma_store_0.1.out'
Beginning to track file b'workertemp-node-130/logs/plasma_store_0.1.err'
Beginning to track file b'workertemp-node-130/logs/raylet_0.1.out'
Beginning to track file b'workertemp-node-130/logs/raylet_0.1.err'
Beginning to track file b'workertemp-node-130/logs/worker-8ca95f3d486efaeebc4fbe44b1440fac99cd91a8.out'
Beginning to track file b'workertemp-node-130/logs/worker-c71e7ef99d4f94ff15817a0ac083f6399f857b1e.out'
Beginning to track file b'workertemp-node-130/logs/worker-614d943e0d9a7d8f69dab54a361bf5d05edbf1cc.out'
Beginning to track file b'workertemp-node-130/logs/worker-c3adedb0c44bc1991bf026995e770a5185228464.out'
Beginning to track file b'workertemp-node-130/logs/worker-5de374a60374dacf8b8a2af1b99de39abac7fc65.out'
Beginning to track file b'workertemp-node-130/logs/worker-4533adc160d1b9a49e3b88901cf22f873b6e7000.out'
Beginning to track file b'workertemp-node-130/logs/worker-61003710403cca7fe44325da51b3f501a40c6fb3.out'
Beginning to track file b'workertemp-node-130/logs/worker-7a28b052de48f329729f375d35fd77996754b59d.out'
Beginning to track file b'workertemp-node-130/logs/worker-0e27a61b9ed5bc535dfaad7c450511d86d306343.out'
Beginning to track file b'workertemp-node-130/logs/worker-8ca95f3d486efaeebc4fbe44b1440fac99cd91a8.err'
Beginning to track file b'workertemp-node-130/logs/worker-0711171cbfedf250f1e8b41a3aa2da5d525462dd.out'
Beginning to track file b'workertemp-node-130/logs/worker-dd0ea3f0c1b74664bc11b1ba23477a1a44d92428.out'
Beginning to track file b'workertemp-node-130/logs/worker-14489d0653befcce1ab3faecc829da686357a53b.out'
Beginning to track file b'workertemp-node-130/logs/worker-de7260eb034a6ac9b24863b23f61aa8c776e417a.out'
Beginning to track file b'workertemp-node-130/logs/worker-81e5652454565b3ce22870e84b36689a0546d646.out'
Beginning to track file b'workertemp-node-130/logs/worker-9513d8e10789837669fd16ce58a0fd70db0cfc9a.out'
Beginning to track file b'workertemp-node-130/logs/worker-e0d94f64fc45a4c02674d2bcb4e21edb6b7595f1.out'
Beginning to track file b'workertemp-node-130/logs/worker-c71e7ef99d4f94ff15817a0ac083f6399f857b1e.err'
Beginning to track file b'workertemp-node-130/logs/worker-614d943e0d9a7d8f69dab54a361bf5d05edbf1cc.err'
Beginning to track file b'workertemp-node-130/logs/worker-c3adedb0c44bc1991bf026995e770a5185228464.err'
Beginning to track file b'workertemp-node-130/logs/worker-5de374a60374dacf8b8a2af1b99de39abac7fc65.err'
Beginning to track file b'workertemp-node-130/logs/worker-4533adc160d1b9a49e3b88901cf22f873b6e7000.err'
Beginning to track file b'workertemp-node-130/logs/worker-61003710403cca7fe44325da51b3f501a40c6fb3.err'
Beginning to track file b'workertemp-node-130/logs/worker-7a28b052de48f329729f375d35fd77996754b59d.err'
Beginning to track file b'workertemp-node-130/logs/worker-0e27a61b9ed5bc535dfaad7c450511d86d306343.err'
Beginning to track file b'workertemp-node-130/logs/worker-0711171cbfedf250f1e8b41a3aa2da5d525462dd.err'
Beginning to track file b'workertemp-node-130/logs/worker-dd0ea3f0c1b74664bc11b1ba23477a1a44d92428.err'
Beginning to track file b'workertemp-node-130/logs/worker-14489d0653befcce1ab3faecc829da686357a53b.err'
Beginning to track file b'workertemp-node-130/logs/worker-de7260eb034a6ac9b24863b23f61aa8c776e417a.err'
Beginning to track file b'workertemp-node-130/logs/worker-81e5652454565b3ce22870e84b36689a0546d646.err'
Beginning to track file b'workertemp-node-130/logs/worker-9513d8e10789837669fd16ce58a0fd70db0cfc9a.err'
Beginning to track file b'workertemp-node-130/logs/worker-e0d94f64fc45a4c02674d2bcb4e21edb6b7595f1.err'
