Beginning to track file b'out-temp-node-058/logs/log_monitor.out'
Beginning to track file b'out-temp-node-058/logs/log_monitor.err'
Beginning to track file b'out-temp-node-058/logs/plasma_store_0.out'
Beginning to track file b'out-temp-node-058/logs/plasma_store_0.err'
Beginning to track file b'out-temp-node-058/logs/raylet_0.out'
Beginning to track file b'out-temp-node-058/logs/raylet_0.err'
Beginning to track file b'out-temp-node-058/logs/worker-f83e44e3184da660d1137a8464e6dfc2b7ce5aef.out'
Beginning to track file b'out-temp-node-058/logs/worker-4f2e20451ca2714d06e3526f897c662d83254ed8.out'
Beginning to track file b'out-temp-node-058/logs/worker-7e8a310e577426878e65274c880b59eeec28d6ea.out'
Beginning to track file b'out-temp-node-058/logs/worker-437b38fb04c1f6ffb5f5872fbc83869402ec1448.out'
Beginning to track file b'out-temp-node-058/logs/worker-b3ee30db009294d48d3daa14edf39616cad136e4.out'
Beginning to track file b'out-temp-node-058/logs/worker-25d2cdb946b889c2dcba1fc036eab14817af73a1.out'
Beginning to track file b'out-temp-node-058/logs/worker-03743f63bb94c53e8fb31550f1a76788767c610a.out'
Beginning to track file b'out-temp-node-058/logs/worker-4866e42f3349569c891a21210e850f78444b9579.out'
Beginning to track file b'out-temp-node-058/logs/worker-651e95b4c8cb6efcbd4bd6083993787f2cbaac88.out'
Beginning to track file b'out-temp-node-058/logs/worker-effd8641b006571f6aafccedc5cfe3ce7f2d0926.out'
Beginning to track file b'out-temp-node-058/logs/worker-7198bb9ee9c93e8f801d57955088cbfa5d219323.out'
Beginning to track file b'out-temp-node-058/logs/worker-3b6a2b5e1bb858f3cb7022c6be43aa3345c444a2.out'
Beginning to track file b'out-temp-node-058/logs/worker-a66c81c09291c4011f4836d0e8f40addc1b15c50.out'
Beginning to track file b'out-temp-node-058/logs/worker-907b2b98ec66a479c6712e5ffe1fe51dfe7cd8bf.out'
Beginning to track file b'out-temp-node-058/logs/worker-a873ab5a41027106ba162215522153f7a6d1a8ec.out'
Beginning to track file b'out-temp-node-058/logs/worker-f83e44e3184da660d1137a8464e6dfc2b7ce5aef.err'
Beginning to track file b'out-temp-node-058/logs/worker-ffcb14d1a583a2363b335eaf580341c81886649a.out'
Beginning to track file b'out-temp-node-058/logs/worker-4f2e20451ca2714d06e3526f897c662d83254ed8.err'
Beginning to track file b'out-temp-node-058/logs/worker-7e8a310e577426878e65274c880b59eeec28d6ea.err'
Beginning to track file b'out-temp-node-058/logs/worker-437b38fb04c1f6ffb5f5872fbc83869402ec1448.err'
Beginning to track file b'out-temp-node-058/logs/worker-b3ee30db009294d48d3daa14edf39616cad136e4.err'
Beginning to track file b'out-temp-node-058/logs/worker-25d2cdb946b889c2dcba1fc036eab14817af73a1.err'
Beginning to track file b'out-temp-node-058/logs/worker-03743f63bb94c53e8fb31550f1a76788767c610a.err'
Beginning to track file b'out-temp-node-058/logs/worker-4866e42f3349569c891a21210e850f78444b9579.err'
Beginning to track file b'out-temp-node-058/logs/worker-651e95b4c8cb6efcbd4bd6083993787f2cbaac88.err'
Beginning to track file b'out-temp-node-058/logs/worker-effd8641b006571f6aafccedc5cfe3ce7f2d0926.err'
Beginning to track file b'out-temp-node-058/logs/worker-7198bb9ee9c93e8f801d57955088cbfa5d219323.err'
Beginning to track file b'out-temp-node-058/logs/worker-3b6a2b5e1bb858f3cb7022c6be43aa3345c444a2.err'
Beginning to track file b'out-temp-node-058/logs/worker-a66c81c09291c4011f4836d0e8f40addc1b15c50.err'
Beginning to track file b'out-temp-node-058/logs/worker-907b2b98ec66a479c6712e5ffe1fe51dfe7cd8bf.err'
Beginning to track file b'out-temp-node-058/logs/worker-a873ab5a41027106ba162215522153f7a6d1a8ec.err'
Beginning to track file b'out-temp-node-058/logs/worker-ffcb14d1a583a2363b335eaf580341c81886649a.err'
